<?xml version="1.0" encoding="UTF-8"?>
<!-- Generated by org.testng.reporters.JUnitReportReporter -->
<testsuite skipped="0" hostname="DESKTOP-Q4NAHNC" name="CustomAPI.AddNewProduct" tests="1" failures="0" timestamp="2021-04-05T17:41:59 IST" time="10.442" errors="0">
  <testcase name="getAllProducts" time="10.442" classname="CustomAPI.AddNewProduct"/>
  <system-out/>
</testsuite> <!-- CustomAPI.AddNewProduct -->
