<?xml version="1.0" encoding="UTF-8"?>
<!-- Generated by org.testng.reporters.JUnitReportReporter -->
<testsuite skipped="0" hostname="DESKTOP-Q4NAHNC" name="CustomAPI.GetProducts" tests="2" failures="0" timestamp="2021-04-05T17:42:50 IST" time="12.605" errors="0">
  <testcase name="chkStatusCode" time="0.022" classname="CustomAPI.GetProducts"/>
  <system-out/>
  <testcase name="printAllProdsName" time="12.583" classname="CustomAPI.GetProducts"/>
  <system-out/>
</testsuite> <!-- CustomAPI.GetProducts -->
