<?xml version="1.0" encoding="UTF-8"?>
<!-- Generated by org.testng.reporters.JUnitReportReporter -->
<testsuite skipped="0" hostname="DESKTOP-Q4NAHNC" name="ReqRes.GetUsersList" tests="1" failures="0" timestamp="2021-04-02T17:07:12 IST" time="5.694" errors="0">
  <testcase name="getUsers" time="5.694" classname="ReqRes.GetUsersList"/>
  <system-out/>
</testsuite> <!-- ReqRes.GetUsersList -->
